2025-03-10 17:44:58 [main] INFO  BaseTest - Starting Appium server...
2025-03-10 17:44:58 [main] INFO  BaseTest - Appium server started successfully.
2025-03-10 17:44:58 [main] INFO  BaseTest - Initializing Appium driver...
2025-03-10 17:45:09 [main] INFO  BaseTest - Appium driver initialized successfully.
2025-03-10 17:45:09 [main] INFO  Login - -----Starting loginTest_InvalidOTP------
2025-03-10 17:45:10 [main] INFO  Login - Allow permission and Get Started.
2025-03-10 17:45:19 [main] INFO  Login - Entering phone number: 9352897598
2025-03-10 17:45:23 [main] INFO  Login - Clicking on checkbox Accept Terms & Conditions.
2025-03-10 17:45:24 [main] INFO  Login - Clicking on proceed
2025-03-10 17:45:30 [main] INFO  Login - Entering invalid OTP: 111111
2025-03-10 17:45:37 [main] INFO  Login - Verifying alert message: Invalid OTP
2025-03-10 17:45:38 [main] INFO  Login - Invalid OTP alert dismissed.
2025-03-10 17:45:38 [main] INFO  Login - -----Test loginTest_InvalidOTP completed-----
2025-03-10 17:45:38 [main] INFO  Login - Clearing invalid OTP
2025-03-10 17:45:45 [main] INFO  Login - Entering valid OTP: 123456
2025-03-10 17:45:51 [main] INFO  Login - Skip notification sheet
2025-03-10 17:46:01 [main] INFO  Login - -----Test loginTest_ValidOTP completed-----
2025-03-10 17:46:01 [main] INFO  BaseTest - Stopping Appium driver...
2025-03-10 17:46:02 [main] INFO  BaseTest - Driver quit successfully.
2025-03-10 17:46:02 [main] INFO  BaseTest - Stopping Appium server...
2025-03-10 17:46:02 [main] INFO  BaseTest - Appium server stopped.
2025-03-10 17:47:19 [main] INFO  BaseTest - Starting Appium server...
2025-03-10 17:47:19 [main] INFO  BaseTest - Appium server started successfully.
2025-03-10 17:47:19 [main] INFO  BaseTest - Initializing Appium driver...
2025-03-10 17:47:31 [main] INFO  BaseTest - Appium driver initialized successfully.
2025-03-10 17:47:31 [main] INFO  Login - -----Starting loginTest_InvalidOTP------
2025-03-10 17:47:32 [main] INFO  Login - Allow permission and Get Started.
2025-03-10 17:47:47 [main] INFO  Login - Entering phone number: 9352897598
2025-03-10 17:47:50 [main] INFO  Login - Clicking on checkbox Accept Terms & Conditions.
2025-03-10 17:47:53 [main] INFO  Login - Clicking on proceed
2025-03-10 17:47:59 [main] INFO  Login - Entering invalid OTP: 111111
2025-03-10 17:48:09 [main] INFO  Login - Verifying alert message: Invalid OTP
2025-03-10 17:48:11 [main] INFO  Login - Invalid OTP alert dismissed.
2025-03-10 17:48:11 [main] INFO  Login - -----Test loginTest_InvalidOTP completed-----
2025-03-10 17:48:11 [main] INFO  Login - Clearing invalid OTP
2025-03-10 17:48:18 [main] INFO  Login - Entering valid OTP: 123456
2025-03-10 17:48:25 [main] INFO  Login - Skip notification sheet
2025-03-10 17:48:36 [main] INFO  Login - -----Test loginTest_ValidOTP completed-----
2025-03-10 17:48:36 [main] INFO  BaseTest - Stopping Appium driver...
2025-03-10 17:48:37 [main] INFO  BaseTest - Driver quit successfully.
2025-03-10 17:48:37 [main] INFO  BaseTest - Stopping Appium server...
2025-03-10 17:48:37 [main] INFO  BaseTest - Appium server stopped.
2025-03-10 17:48:37 [main] INFO  BaseTest - Starting Appium server...
2025-03-10 17:48:37 [main] INFO  BaseTest - Appium server started successfully.
2025-03-10 17:48:37 [main] INFO  BaseTest - Initializing Appium driver...
2025-03-10 17:48:48 [main] INFO  BaseTest - Appium driver initialized successfully.
2025-03-10 17:48:48 [main] INFO  AskLimo - -----Starting AskLimo test-----
2025-03-10 17:48:48 [main] INFO  AskLimo - Initializing LoginHelper...
2025-03-10 17:48:48 [main] INFO  AskLimo - Performing login with phone number: 9352897598
2025-03-10 17:49:33 [main] INFO  AskLimo - Initializing Homepage...
2025-03-10 17:49:33 [main] INFO  AskLimo - Select and Submit app rating
2025-03-10 17:49:39 [main] INFO  AskLimo - Tapping on Limo...
2025-03-10 17:50:20 [main] INFO  AskLimo - Initializing LiMo...
2025-03-10 17:50:20 [main] INFO  AskLimo - Asking Limo: Recommend stocks...
2025-03-10 17:51:14 [main] INFO  AskLimo - -----Completed AskLimo test-----
2025-03-10 17:51:14 [main] INFO  BaseTest - Stopping Appium driver...
2025-03-10 17:51:15 [main] INFO  BaseTest - Driver quit successfully.
2025-03-10 17:51:15 [main] INFO  BaseTest - Stopping Appium server...
2025-03-10 17:51:15 [main] INFO  BaseTest - Appium server stopped.
2025-03-10 17:51:15 [main] INFO  BaseTest - Starting Appium server...
2025-03-10 17:51:15 [main] INFO  BaseTest - Appium server started successfully.
2025-03-10 17:51:15 [main] INFO  BaseTest - Initializing Appium driver...
2025-03-10 17:51:24 [main] INFO  BaseTest - Appium driver initialized successfully.
2025-03-10 17:51:24 [main] INFO  SetAlert - -----Starting SetStockAlert test-----
2025-03-10 17:51:24 [main] INFO  SetAlert - Initializing LoginHelper...
2025-03-10 17:51:24 [main] INFO  SetAlert - Performing login with phone number: 9352897598
2025-03-10 17:52:09 [main] INFO  SetAlert - Select and Submit app rating
2025-03-10 17:52:13 [main] INFO  SetAlert - Tap on menu button
2025-03-10 17:53:16 [main] INFO  SetAlert - Tap on Stock alert button
2025-03-10 17:53:19 [main] INFO  SetAlert - Setting stock alert for SBIN...
2025-03-10 17:53:33 [main] INFO  SetAlert - -----Test SetStockAlert completed-----
2025-03-10 17:53:33 [main] INFO  BaseTest - Stopping Appium driver...
2025-03-10 17:53:34 [main] INFO  BaseTest - Driver quit successfully.
2025-03-10 17:53:34 [main] INFO  BaseTest - Stopping Appium server...
2025-03-10 17:53:34 [main] INFO  BaseTest - Appium server stopped.
2025-03-10 17:53:34 [main] INFO  BaseTest - Starting Appium server...
2025-03-10 17:53:34 [main] INFO  BaseTest - Appium server started successfully.
2025-03-10 17:53:34 [main] INFO  BaseTest - Initializing Appium driver...
2025-03-10 17:53:43 [main] INFO  BaseTest - Appium driver initialized successfully.
2025-03-10 17:53:43 [main] INFO  EditProfile - -----Starting EditEmail test-----
2025-03-10 17:53:43 [main] INFO  EditProfile - Initializing LoginHelper...
2025-03-10 17:53:43 [main] INFO  EditProfile - Performing login with phone number: 9352897598
2025-03-10 17:54:33 [main] INFO  EditProfile - Initializing Homepage...
2025-03-10 17:54:34 [main] INFO  EditProfile - Select and Submit app rating
2025-03-10 17:54:39 [main] INFO  EditProfile - Tap on menu button
2025-03-10 17:55:42 [main] INFO  EditProfile - Initializing Profile...
2025-03-10 17:55:43 [main] INFO  EditProfile - Editing email
2025-03-10 17:56:11 [main] INFO  EditProfile - -----Completed EditEmail test-----
2025-03-10 17:56:11 [main] INFO  BaseTest - Stopping Appium driver...
2025-03-10 17:56:12 [main] INFO  BaseTest - Driver quit successfully.
2025-03-10 17:56:12 [main] INFO  BaseTest - Stopping Appium server...
2025-03-10 17:56:12 [main] INFO  BaseTest - Appium server stopped.
2025-03-10 17:56:12 [main] INFO  BaseTest - Starting Appium server...
2025-03-10 17:56:12 [main] INFO  BaseTest - Appium server started successfully.
2025-03-10 17:56:12 [main] INFO  BaseTest - Initializing Appium driver...
2025-03-10 17:56:22 [main] INFO  BaseTest - Appium driver initialized successfully.
2025-03-10 17:56:22 [main] INFO  AddCoins - -----Starting AddCoins test-----
2025-03-10 17:56:22 [main] INFO  AddCoins - Initializing LoginHelper...
2025-03-10 17:56:22 [main] INFO  AddCoins - Performing login with phone number: 9352897598
2025-03-10 17:57:14 [main] INFO  AddCoins - Initializing Homepage...
2025-03-10 17:57:15 [main] INFO  AddCoins - Select and Submit app rating
2025-03-10 17:57:18 [main] INFO  AddCoins - Tap on menu button
2025-03-10 17:58:22 [main] INFO  AddCoins - Initializing MenuPage...
2025-03-10 17:58:22 [main] INFO  AddCoins - Tap on coins button
2025-03-10 17:58:26 [main] INFO  AddCoins - Adding 100 coins
2025-03-10 17:58:44 [main] INFO  AddCoins - -----Completed AddCoins test-----
2025-03-10 17:58:44 [main] INFO  BaseTest - Stopping Appium driver...
2025-03-10 17:58:45 [main] INFO  BaseTest - Driver quit successfully.
2025-03-10 17:58:45 [main] INFO  BaseTest - Stopping Appium server...
2025-03-10 17:58:45 [main] INFO  BaseTest - Appium server stopped.
